Copyright 1986-2018 Xilinx, Inc. All Rights Reserved.
---------------------------------------------------------------------------------------------------------------------------------------------
| Tool Version : Vivado v.2018.1 (win64) Build 2188600 Wed Apr  4 18:40:38 MDT 2018
| Date         : Wed Jul 11 01:17:31 2018
| Host         : DESKTOP-SMO2J89 running 64-bit major release  (build 9200)
| Command      : report_drc -file pwm_vardisp3_arty_drc_routed.rpt -pb pwm_vardisp3_arty_drc_routed.pb -rpx pwm_vardisp3_arty_drc_routed.rpx
| Design       : pwm_vardisp3_arty
| Device       : xc7s50csga324-1
| Speed File   : -1
| Design State : Routed
---------------------------------------------------------------------------------------------------------------------------------------------

Report DRC

Table of Contents
-----------------
1. REPORT SUMMARY
2. REPORT DETAILS

1. REPORT SUMMARY
-----------------
            Netlist: netlist
          Floorplan: design_1
      Design limits: <entire design considered>
           Ruledeck: default
             Max violations: <unlimited>
             Violations found: 0
+------+----------+-------------+------------+
| Rule | Severity | Description | Violations |
+------+----------+-------------+------------+
+------+----------+-------------+------------+

2. REPORT DETAILS
-----------------

