Copyright 1986-2018 Xilinx, Inc. All Rights Reserved.
----------------------------------------------------------------------------------------------
| Tool Version : Vivado v.2018.1 (win64) Build 2188600 Wed Apr  4 18:40:38 MDT 2018
| Date         : Wed Jul 11 01:17:01 2018
| Host         : DESKTOP-SMO2J89 running 64-bit major release  (build 9200)
| Command      : report_control_sets -verbose -file pwm_vardisp3_arty_control_sets_placed.rpt
| Design       : pwm_vardisp3_arty
| Device       : xc7s50
----------------------------------------------------------------------------------------------

Control Set Information

Table of Contents
-----------------
1. Summary
2. Histogram
3. Flip-Flop Distribution
4. Detailed Control Set Information

1. Summary
----------

+----------------------------------------------------------+-------+
|                          Status                          | Count |
+----------------------------------------------------------+-------+
| Number of unique control sets                            |     2 |
| Unused register locations in slices containing registers |     5 |
+----------------------------------------------------------+-------+


2. Histogram
------------

+--------+--------------+
| Fanout | Control Sets |
+--------+--------------+
|      6 |            1 |
|    16+ |            1 |
+--------+--------------+


3. Flip-Flop Distribution
-------------------------

+--------------+-----------------------+------------------------+-----------------+--------------+
| Clock Enable | Synchronous Set/Reset | Asynchronous Set/Reset | Total Registers | Total Slices |
+--------------+-----------------------+------------------------+-----------------+--------------+
| No           | No                    | No                     |              45 |           15 |
| No           | No                    | Yes                    |               0 |            0 |
| No           | Yes                   | No                     |               0 |            0 |
| Yes          | No                    | No                     |               6 |            2 |
| Yes          | No                    | Yes                    |               0 |            0 |
| Yes          | Yes                   | No                     |               0 |            0 |
+--------------+-----------------------+------------------------+-----------------+--------------+


4. Detailed Control Set Information
-----------------------------------

+----------------------+---------------+------------------+------------------+----------------+
|     Clock Signal     | Enable Signal | Set/Reset Signal | Slice Load Count | Bel Load Count |
+----------------------+---------------+------------------+------------------+----------------+
|  clk100mhz_IBUF_BUFG | dcval_next    |                  |                2 |              6 |
|  clk100mhz_IBUF_BUFG |               |                  |               15 |             45 |
+----------------------+---------------+------------------+------------------+----------------+


